<?xml version="1.0" encoding="UTF-8"?>
<testsuite xmlns:xsi="http://www.w3.org/2001/XMLSchema-instance" xsi:noNamespaceSchemaLocation="https://maven.apache.org/surefire/maven-surefire-plugin/xsd/surefire-test-report.xsd" version="3.0.2" name="com.bikash.DockerSpringBootWebAppApplicationTests" time="6.647" tests="1" errors="0" skipped="0" failures="0">
  <properties>
[...]
</properties>
  <testcase name="contextLoads" classname="com.bikash.DockerSpringBootWebAppApplicationTests" time="1.516">
    <system-out><![CDATA[12:06:14.205 [main] INFO org.springframework.test.context.support.AnnotationConfigContextLoaderUtils -- Could not detect default configuration classes for test class [com.bikash.DockerSpringBootWebAppApplicationTests]: DockerSpringBootWebAppApplicationTests does not declare any static, non-private, non-final, nested classes annotated with @Configuration.
12:06:14.540 [main] INFO org.springframework.boot.test.context.SpringBootTestContextBootstrapper -- Found @SpringBootConfiguration com.bikash.DockerSpringBootWebAppApplication for test class com.bikash.DockerSpringBootWebAppApplicationTests

  .   ____          _            __ _ _
 /\\ / ___'_ __ _ _(_)_ __  __ _ \ \ \ \
( ( )\___ | '_ | '_| | '_ \/ _` | \ \ \ \
 \\/  ___)| |_)| | | | | || (_| |  ) ) ) )
  '  |____| .__|_| |_|_| |_\__, | / / / /
 =========|_|==============|___/=/_/_/_/

 :: Spring Boot ::                (v3.4.5)

2025-04-28T12:06:15.782+05:30  INFO 22412 --- [Docker-SpringBoot-WebApp] [           main] b.DockerSpringBootWebAppApplicationTests : Starting DockerSpringBootWebAppApplicationTests using Java 17.0.10 with PID 22412 (started by bikash patel in C:\Users\bikash patel\Desktop\StudyMeterial\Java\JRTP\Codes\Docker-SpringBoot-WebApp)
2025-04-28T12:06:15.786+05:30  INFO 22412 --- [Docker-SpringBoot-WebApp] [           main] b.DockerSpringBootWebAppApplicationTests : No active profile set, falling back to 1 default profile: "default"
2025-04-28T12:06:18.896+05:30  INFO 22412 --- [Docker-SpringBoot-WebApp] [           main] b.DockerSpringBootWebAppApplicationTests : Started DockerSpringBootWebAppApplicationTests in 3.903 seconds (process running for 6.831)
]]></system-out>
  </testcase>
</testsuite>